e:\master\year2\gpu\first project\fractals-mandelbrot-claudiapop9\mandelbrotgpu\mandelbrotgpu\x64\debug\vc140.pdb
e:\master\year2\gpu\first project\fractals-mandelbrot-claudiapop9\mandelbrotgpu\mandelbrotgpu\x64\debug\vc140.idb
e:\master\year2\gpu\first project\fractals-mandelbrot-claudiapop9\mandelbrotgpu\mandelbrotgpu\x64\debug\lodepng.obj
e:\master\year2\gpu\first project\fractals-mandelbrot-claudiapop9\mandelbrotgpu\mandelbrotgpu\x64\debug\util.obj
e:\master\year2\gpu\mandelbrotgpu\x64\debug\mandelbrotgpu.ilk
e:\master\year2\gpu\mandelbrotgpu\x64\debug\mandelbrotgpu.exe
e:\master\year2\gpu\mandelbrotgpu\x64\debug\mandelbrotgpu.pdb
e:\master\year2\gpu\fractals-mandelbrot-claudiapop9\mandelbrotgpu\x64\debug\mandelbrotgpu.ilk
e:\master\year2\gpu\fractals-mandelbrot-claudiapop9\mandelbrotgpu\x64\debug\mandelbrotgpu.exe
e:\master\year2\gpu\fractals-mandelbrot-claudiapop9\mandelbrotgpu\x64\debug\mandelbrotgpu.pdb
e:\master\year2\gpu\first project\fractals-mandelbrot-claudiapop9\mandelbrotgpu\x64\debug\mandelbrotgpu.ilk
e:\master\year2\gpu\first project\fractals-mandelbrot-claudiapop9\mandelbrotgpu\x64\debug\mandelbrotgpu.exe
e:\master\year2\gpu\first project\fractals-mandelbrot-claudiapop9\mandelbrotgpu\x64\debug\mandelbrotgpu.pdb
e:\master\year2\gpu\first project\fractals-mandelbrot-claudiapop9\mandelbrotgpu\mandelbrotgpu\x64\debug\kernel.cu.cache
e:\master\year2\gpu\first project\fractals-mandelbrot-claudiapop9\mandelbrotgpu\mandelbrotgpu\x64\debug\kernel.cu.obj
e:\master\year2\gpu\first project\fractals-mandelbrot-claudiapop9\mandelbrotgpu\mandelbrotgpu\x64\debug\mandelbrotgpu.tlog\cl.command.1.tlog
e:\master\year2\gpu\first project\fractals-mandelbrot-claudiapop9\mandelbrotgpu\mandelbrotgpu\x64\debug\mandelbrotgpu.tlog\cl.read.1.tlog
e:\master\year2\gpu\first project\fractals-mandelbrot-claudiapop9\mandelbrotgpu\mandelbrotgpu\x64\debug\mandelbrotgpu.tlog\cl.write.1.tlog
e:\master\year2\gpu\first project\fractals-mandelbrot-claudiapop9\mandelbrotgpu\mandelbrotgpu\x64\debug\mandelbrotgpu.tlog\link.command.1.tlog
e:\master\year2\gpu\first project\fractals-mandelbrot-claudiapop9\mandelbrotgpu\mandelbrotgpu\x64\debug\mandelbrotgpu.tlog\link.read.1.tlog
e:\master\year2\gpu\first project\fractals-mandelbrot-claudiapop9\mandelbrotgpu\mandelbrotgpu\x64\debug\mandelbrotgpu.tlog\link.write.1.tlog
